<?xml version="1.0" encoding="UTF-8"?>
<!-- Generated by org.testng.reporters.JUnitReportReporter -->
<testsuite hostname="DESKTOP-73B9VB8" failures="0" tests="2" name="test.PincodeValidation" time="2.865" errors="0" timestamp="02 Feb. 2022 03:18:25 GMT" skipped="0">
  <testcase classname="test.PincodeValidation" name="verifypincode" time="1.112"/>
  <testcase classname="test.PincodeValidation" name="verifypincode" time="1.753"/>
</testsuite> <!-- test.PincodeValidation -->
