<?xml version="1.0" encoding="UTF-8"?>
<!-- Generated by org.testng.reporters.JUnitReportReporter -->
<testsuite hostname="DESKTOP-73B9VB8" failures="0" tests="4" name="test.ResultsAndPriceValidation" time="33.809" errors="0" timestamp="02 Feb. 2022 03:18:25 GMT" skipped="0">
  <testcase classname="test.ResultsAndPriceValidation" name="priceofmobile" time="4.169"/>
  <testcase classname="test.ResultsAndPriceValidation" name="priceofmobile" time="9.843"/>
  <testcase classname="test.ResultsAndPriceValidation" name="noofresults" time="14.971"/>
  <testcase classname="test.ResultsAndPriceValidation" name="noofresults" time="4.826"/>
</testsuite> <!-- test.ResultsAndPriceValidation -->
