<?xml version="1.0" encoding="UTF-8"?>
<!-- Generated by org.testng.reporters.JUnitReportReporter -->
<testsuite hostname="DESKTOP-73B9VB8" failures="0" tests="2" name="test.AALandingValidation" time="0.156" errors="0" timestamp="29 Jan. 2022 21:04:28 GMT" skipped="0">
  <testcase classname="test.AALandingValidation" name="validatetitle" time="0.106"/>
  <testcase classname="test.AALandingValidation" name="validateurl" time="0.050"/>
</testsuite> <!-- test.AALandingValidation -->
