<?xml version="1.0" encoding="UTF-8"?>
<!-- Generated by org.testng.reporters.JUnitReportReporter -->
<testsuite hostname="DESKTOP-73B9VB8" failures="0" tests="8" name="test.LoginValidations" time="1.234" errors="0" timestamp="02 Feb. 2022 03:18:25 GMT" skipped="0">
  <testcase classname="test.LoginValidations" name="invalidemailkey" time="0.236"/>
  <testcase classname="test.LoginValidations" name="validemailkeylogout" time="0.045"/>
  <testcase classname="test.LoginValidations" name="invalidemailkey" time="0.101"/>
  <testcase classname="test.LoginValidations" name="invalidemailkeylogout" time="0.104"/>
  <testcase classname="test.LoginValidations" name="validemailkey" time="0.476"/>
  <testcase classname="test.LoginValidations" name="invalidemailkeylogout" time="0.062"/>
  <testcase classname="test.LoginValidations" name="validemailkey" time="0.072"/>
  <testcase classname="test.LoginValidations" name="validemailkeylogout" time="0.138"/>
</testsuite> <!-- test.LoginValidations -->
