<?xml version="1.0" encoding="UTF-8"?>
<!-- Generated by org.testng.reporters.JUnitReportReporter -->
<testsuite hostname="DESKTOP-73B9VB8" failures="0" tests="3" name="test.NavigationValidations" time="0.030" errors="0" timestamp="29 Jan. 2022 22:29:22 GMT" skipped="0">
  <testcase classname="test.NavigationValidations" name="validatwishlistpage" time="0.019"/>
  <testcase classname="test.NavigationValidations" name="validateamazoncashpage" time="0.005"/>
  <testcase classname="test.NavigationValidations" name="validatenewreleasepage" time="0.006"/>
</testsuite> <!-- test.NavigationValidations -->
