<?xml version="1.0" encoding="UTF-8"?>
<!-- Generated by org.testng.reporters.JUnitReportReporter -->
<testsuite hostname="DESKTOP-73B9VB8" failures="0" tests="1" name="test.PincodeValidation" time="0.580" errors="0" timestamp="29 Jan. 2022 22:29:22 GMT" skipped="0">
  <testcase classname="test.PincodeValidation" name="verifypincode" time="0.580"/>
</testsuite> <!-- test.PincodeValidation -->
