<?xml version="1.0" encoding="UTF-8"?>
<!-- Generated by org.testng.reporters.JUnitReportReporter -->
<testsuite hostname="DESKTOP-73B9VB8" failures="0" tests="2" name="test.IframeTest" time="0.733" errors="0" timestamp="02 Feb. 2022 03:18:25 GMT" skipped="0">
  <testcase classname="test.IframeTest" name="checkiframe" time="0.014"/>
  <testcase classname="test.IframeTest" name="checkiframe" time="0.719"/>
</testsuite> <!-- test.IframeTest -->
