<?xml version="1.0" encoding="UTF-8"?>
<!-- Generated by org.testng.reporters.JUnitReportReporter -->
<testsuite hostname="DESKTOP-73B9VB8" failures="0" tests="2" name="test.AddToCartTest" time="8.048" errors="0" timestamp="29 Jan. 2022 22:29:22 GMT" skipped="0">
  <testcase classname="test.AddToCartTest" name="checkcart" time="6.994"/>
  <testcase classname="test.AddToCartTest" name="finalcheck" time="1.054"/>
</testsuite> <!-- test.AddToCartTest -->
