<?xml version="1.0" encoding="UTF-8"?>
<!-- Generated by org.testng.reporters.JUnitReportReporter -->
<testsuite hostname="DESKTOP-73B9VB8" failures="0" tests="2" name="test.AAALandingValidation" time="0.143" errors="0" timestamp="29 Jan. 2022 22:29:22 GMT" skipped="0">
  <testcase classname="test.AAALandingValidation" name="validatetitle" time="0.105"/>
  <testcase classname="test.AAALandingValidation" name="validateurl" time="0.038"/>
</testsuite> <!-- test.AAALandingValidation -->
