<?xml version="1.0" encoding="UTF-8"?>
<!-- Generated by org.testng.reporters.JUnitReportReporter -->
<testsuite hostname="DESKTOP-73B9VB8" failures="0" tests="4" name="test.LoginValidations" time="0.320" errors="0" timestamp="29 Jan. 2022 22:29:22 GMT" skipped="0">
  <testcase classname="test.LoginValidations" name="invalidemailkey" time="0.136"/>
  <testcase classname="test.LoginValidations" name="validemailkeylogout" time="0.062"/>
  <testcase classname="test.LoginValidations" name="invalidemailkeylogout" time="0.060"/>
  <testcase classname="test.LoginValidations" name="validemailkey" time="0.062"/>
</testsuite> <!-- test.LoginValidations -->
