<?xml version="1.0" encoding="UTF-8"?>
<!-- Generated by org.testng.reporters.JUnitReportReporter -->
<testsuite hostname="DESKTOP-73B9VB8" failures="0" tests="4" name="test.AAALandingValidation" time="0.823" errors="0" timestamp="02 Feb. 2022 03:18:25 GMT" skipped="0">
  <testcase classname="test.AAALandingValidation" name="validatetitle" time="0.587"/>
  <testcase classname="test.AAALandingValidation" name="validateurl" time="0.224"/>
  <testcase classname="test.AAALandingValidation" name="validateurl" time="0.004"/>
  <testcase classname="test.AAALandingValidation" name="validatetitle" time="0.008"/>
</testsuite> <!-- test.AAALandingValidation -->
