<?xml version="1.0" encoding="UTF-8"?>
<!-- Generated by org.testng.reporters.JUnitReportReporter -->
<testsuite hostname="DESKTOP-73B9VB8" failures="0" tests="2" name="test.ResultsAndPriceValidation" time="4.245" errors="0" timestamp="29 Jan. 2022 22:29:22 GMT" skipped="0">
  <testcase classname="test.ResultsAndPriceValidation" name="noofresults" time="1.643"/>
  <testcase classname="test.ResultsAndPriceValidation" name="priceofmobile" time="2.602"/>
</testsuite> <!-- test.ResultsAndPriceValidation -->
