<?xml version="1.0" encoding="UTF-8"?>
<!-- Generated by org.testng.reporters.JUnitReportReporter -->
<testsuite hostname="DESKTOP-73B9VB8" failures="0" tests="2" name="test.AADResultsAndPriceValidation" time="4.245" errors="0" timestamp="29 Jan. 2022 21:08:03 GMT" skipped="0">
  <testcase classname="test.AADResultsAndPriceValidation" name="noofresults" time="1.821"/>
  <testcase classname="test.AADResultsAndPriceValidation" name="priceofmobile" time="2.424"/>
</testsuite> <!-- test.AADResultsAndPriceValidation -->
