<?xml version="1.0" encoding="UTF-8"?>
<!-- Generated by org.testng.reporters.JUnitReportReporter -->
<testsuite hostname="DESKTOP-73B9VB8" failures="0" tests="6" name="test.NavigationValidations" time="0.162" errors="0" timestamp="02 Feb. 2022 03:18:25 GMT" skipped="0">
  <testcase classname="test.NavigationValidations" name="validatwishlistpage" time="0.004"/>
  <testcase classname="test.NavigationValidations" name="validatwishlistpage" time="0.118"/>
  <testcase classname="test.NavigationValidations" name="validateamazoncashpage" time="0.003"/>
  <testcase classname="test.NavigationValidations" name="validateamazoncashpage" time="0.017"/>
  <testcase classname="test.NavigationValidations" name="validatenewreleasepage" time="0.004"/>
  <testcase classname="test.NavigationValidations" name="validatenewreleasepage" time="0.016"/>
</testsuite> <!-- test.NavigationValidations -->
