<?xml version="1.0" encoding="UTF-8"?>
<!-- Generated by org.testng.reporters.JUnitReportReporter -->
<testsuite hostname="DESKTOP-73B9VB8" failures="0" tests="2" name="test.AAFaddToCartTest" time="5.111" errors="0" timestamp="29 Jan. 2022 21:08:03 GMT" skipped="0">
  <testcase classname="test.AAFaddToCartTest" name="finalcheck" time="1.222"/>
  <testcase classname="test.AAFaddToCartTest" name="checkcart" time="3.889"/>
</testsuite> <!-- test.AAFaddToCartTest -->
