<?xml version="1.0" encoding="UTF-8"?>
<!-- Generated by org.testng.reporters.JUnitReportReporter -->
<testsuite hostname="DESKTOP-73B9VB8" failures="0" tests="4" name="test.AddToCartTest" time="30.107" errors="0" timestamp="02 Feb. 2022 03:18:25 GMT" skipped="0">
  <testcase classname="test.AddToCartTest" name="checkcart" time="11.584"/>
  <testcase classname="test.AddToCartTest" name="finalcheck" time="1.475"/>
  <testcase classname="test.AddToCartTest" name="finalcheck" time="10.075"/>
  <testcase classname="test.AddToCartTest" name="checkcart" time="6.973"/>
</testsuite> <!-- test.AddToCartTest -->
