<?xml version="1.0" encoding="UTF-8"?>
<!-- Generated by org.testng.reporters.JUnitReportReporter -->
<testsuite hostname="DESKTOP-73B9VB8" failures="0" tests="2" name="test.AACLoginValidations" time="0.181" errors="0" timestamp="29 Jan. 2022 21:08:03 GMT" skipped="0">
  <testcase classname="test.AACLoginValidations" name="validemailkey" time="0.065"/>
  <testcase classname="test.AACLoginValidations" name="invalidemailkey" time="0.116"/>
</testsuite> <!-- test.AACLoginValidations -->
