<?xml version="1.0" encoding="UTF-8"?>
<!-- Generated by org.testng.reporters.JUnitReportReporter -->
<testsuite hostname="DESKTOP-73B9VB8" failures="0" tests="2" name="test.AAFddToCartTest" time="4.582" errors="0" timestamp="29 Jan. 2022 21:07:01 GMT" skipped="0">
  <testcase classname="test.AAFddToCartTest" name="finalcheck" time="0.948"/>
  <testcase classname="test.AAFddToCartTest" name="checkcart" time="3.634"/>
</testsuite> <!-- test.AAFddToCartTest -->
